C:\Users\lum322\Desktop\бот мейсон\node_modules\telegraf\lib\core\network\client.js:315
            throw new error_1.default(data, { method, payload });
                  ^

TelegramError: 409: Conflict: terminated by other getUpdates request; make sure that only one bot instance is running
    at Telegram.callApi (C:\Users\lum322\Desktop\бот мейсон\node_modules\telegraf\lib\core\network\client.js:315:19)
    at process.processTicksAndRejections (node:internal/process/task_queues:104:5)
    at async [Symbol.asyncIterator] (C:\Users\lum322\Desktop\бот мейсон\node_modules\telegraf\lib\core\network\polling.js:30:33)
    at async Polling.loop (C:\Users\lum322\Desktop\бот мейсон\node_modules\telegraf\lib\core\network\polling.js:73:30)
    at async Telegraf.launch (C:\Users\lum322\Desktop\бот мейсон\node_modules\telegraf\lib\telegraf.js:194:13) {
  response: {
    ok: false,
    error_code: 409,
    description: 'Conflict: terminated by other getUpdates request; make sure that only one bot instance is running'
  },
  on: {
    method: 'getUpdates',
    payload: { timeout: 50, offset: 201141873, allowed_updates: [] }
  }
}

Node.js v24.14.0
